NOPE: just got the logging wrong: (( looks like it's the robot pose not the tag pose: z=0 ))

may be duplicates in here

are other methods in the log output in here


 253.11429267637425 , 164.82936261856895;
 253.10041037832895 , 164.83641169301302;
 253.10369245248413 , 164.8354049934375;
 253.1191908082852 , 164.84014164839652;
 253.1199551079349 , 164.84079783284434;
 253.12543051549926 , 164.84563166260625;
 253.12292985280402 , 164.8440501754804;
 253.12528212017347 , 164.8442345096821;
 253.12139756091034 , 164.83823733236537;
 253.11085992923128 , 164.83920228454372;
 253.11220874505725 , 164.82960732635993;
 253.16004553792362 , 164.8261394345913;
 253.1207237900018 , 164.83309935800114;
 253.12813734956393 , 164.83854205894593;
 253.31734083242281 , 164.8761107332303;
 225.2050653007162 , 160.23587252381262;
 264.57728072032603 , 161.0891038157301;
 237.85301012522598 , 165.7447768835862;
 230.75648792102487 , 173.8640171270256;
 226.15561500610022 , 179.0802354742079;
 226.38230157808945 , 178.85197869123712;
 240.94024812289018 , 162.4156017374147;
 244.98689652078946 , 158.25103935831334;
 247.1819632481401 , 155.2293036277224;
 249.60975552677115 , 152.68167212296876;
 251.0755436167259 , 151.12232764460686;
 253.23046850295162 , 148.88344271746277;
 254.74104516197596 , 147.362545664723;
 257.32814221356017 , 144.28621258355858;
 274.93214118346566 , 124.65643302290145;
 267.17957051765114 , 120.19790795911761;
 259.1684145005401 , 117.42572102406818;
 254.20834904135629 , 116.10071220379129;
 249.55665441045366 , 113.5104466613984;
 244.0596131337659 , 111.76581465896982;
 214.79772471462678 , 109.79575657995369;
 209.8766310335539 , 109.5695953004633;
 208.46761203615847 , 109.13003062546791;
 202.0861476643223 , 109.80480776042923;
 193.70689482709744 , 109.94509753018086;
 184.72310453166273 , 110.2198470320282;
 176.37236045440608 , 110.1912968818354;
 150.37849246993056 , 110.87927055726747;
 144.47595911906467 , 108.19374271981336;
 134.2661482196043 , 107.84815997197633;
 136.2477883759477 , 102.1370851684157;
 154.12086910404125 , 96.68490778106784;
 156.24983858490202 , 96.55300868809078;
 165.3752013442265 , 95.92437094230135;
 169.46311058061934 , 95.8777506770359;
 173.2693813730722 , 96.19707639303508;
 179.21370009755455 , 96.17457330248672;
 187.60833688985628 , 96.78228300954795;
 194.3289131459661 , 96.83055669775021;
 202.03816314880035 , 97.48472057754198;
 210.03435182761308 , 97.86376271809272;
 219.22655324257104 , 98.71614970663938;
 225.6672235328059 , 99.92130780901226;
 233.09167196030376 , 100.89285885131953;
 241.32534734140157 , 101.86010149140772;
 252.32604809428656 , 103.33223789373154;
 265.02723599118764 , 102.90638272647472;
 274.008459758229 , 102.77919588340075;
 284.683045638289 , 102.52252767472949;
 295.7050131284854 , 101.53217735235151;
 300.95293103911956 , 97.93645653037515;
 291.6686785747808 , 96.7747358931204;
 291.67033722780997 , 96.75431741704945;
 291.5810723499906 , 96.80837491890541;
 292.1953836692756 , 92.61695263000142;
 237.08705905324828 , 83.17343421553798;
 239.37495298758577 , 88.37126755684508;
 241.44916199916344 , 91.40164860647886;
 242.54124912187478 , 93.08286993809358;
 243.43345210462948 , 95.19538740959281;
 245.4545259130074 , 98.76796053203579;
 247.38320396883245 , 101.11594064375129;
 249.62945827127535 , 103.93599889567311;
 252.02730496027556 , 107.14962290257641;
 256.3130734787977 , 113.00653495489142;
 266.961730150435 , 129.06759683724016;
 257.52480594710454 , 136.764465177831;
 270.79882869618666 , 138.17095593970893;
 260.40995469211896 , 142.26159885286003;
 244.02536533753127 , 150.3587803879363;
 218.80286210285658 , 163.03155254193283;
 192.36618006091007 , 175.7820677570483;
 169.60051575975166 , 186.73154383730238;
 161.29450492876637 , 190.16003805103543;
 190.61004489650747 , 184.6927619188586;
 223.9096819691862 , 178.49085739672836;
 219.1741146439682 , 170.26522223845384;
 257.39653751145295 , 163.43802218873842;
 256.9252577316347 , 164.20702197424856;
 256.9396465055422 , 164.19707072572393;
 257.00375063469176 , 164.01505209690743;
 257.1837591906876 , 164.60271440982265;
 259.50118779799647 , 163.41197860687126;
 258.11580879031663 , 163.63886942501003;


2.2841499664634717 , 1.2112745142647923 , 0.615;
2.2518709144560742 , 1.1630717404023962 , 0.615;
2.176444199482325 , 1.1225078767824883 , 0.615;
2.1300879258118433 , 1.0992082638806104 , 0.615;
2.115193994898596 , 1.1334871130120738 , 0.615;
2.0566536563815507 , 1.1291339887739322 , 0.615;
1.9857166748445674 , 1.1244546416117907 , 0.615;
1.9580019903987986 , 1.1696364897025031 , 0.615;
1.8867963214817516 , 1.1630781364930742 , 0.615;
1.8040415653523254 , 1.1588307343790107 , 0.615;
1.7230454196468603 , 1.2149048016028574 , 0.615;
1.6644112931404798 , 1.2298023486597291 , 0.615;
1.596045048906719 , 1.2464887478843538 , 0.615;
1.5392261066156998 , 1.2563392841115564 , 0.615;
1.4696740298018383 , 1.267867691098628 , 0.615;
1.4317023735343093 , 1.2569290027473354 , 0.615;
1.3736057442345155 , 1.235094074777221 , 0.615;
1.3180016737312144 , 1.2075928827499156 , 0.615;
1.263291560458985 , 1.175054902260863 , 0.615;
1.202365245380223 , 0.9955651489587938 , 0.615;
1.1845944802522728 , 0.9620255881811803 , 0.615;
1.1845944802522728 , 0.9620255881811803 , 0.615;
1.1871446629526554 , 0.9593267284224445 , 0.615;
1.3455247396506684 , 0.8611385830066536 , 0.615;
1.8849240221248431 , 0.5515516971835766 , 0.615;
1.7755225068819513 , 0.7927636399101543 , 0.615;
1.7151111661149356 , 0.9218010801006464 , 0.615;
1.6812434081063723 , 0.9853774138596372 , 0.615;
1.6491157123833928 , 1.0488772311456667 , 0.615;
1.586879772264211 , 1.1667900103381776 , 0.615;
1.557358610915621 , 1.2347635800951133 , 0.615;
1.5111065815163855 , 1.323166873618968 , 0.615;
1.4663234881356737 , 1.4096105807202302 , 0.615;
1.412953470287718 , 1.5324275043122024 , 0.615;
1.2242498182049033 , 1.8112837847646106 , 0.615;
1.1855445639349977 , 1.944146521531571 , 0.615;
1.210880891923415 , 2.0476684994059093 , 0.615;
1.2356350924023551 , 2.1269309096625193 , 0.615;
1.2781658195972194 , 2.2778922910429293 , 0.615;
1.3351544958339594 , 2.4289036930478085 , 0.615;
1.38684548364011 , 2.5756462710169084 , 0.615;
1.4224275065694245 , 2.68157848147579 , 0.615;
1.4224275065694245 , 2.68157848147579 , 0.615;
1.3289491646641651 , 2.5647275547339965 , 0.615;
1.2419794594308504 , 2.4843000793934764 , 0.615;
1.156371390890424 , 2.4019128849809435 , 0.615;
1.0343055807858463 , 2.2974883678053866 , 0.615;
1.0343055807858463 , 2.2974883678053866 , 0.615;
1.0343055807858463 , 2.2974883678053866 , 0.615;
1.0343055807858463 , 2.2974883678053866 , 0.615;
1.0343055807858463 , 2.2974883678053866 , 0.615;
1.0343055807858463 , 2.2974883678053866 , 0.615;
1.0343055807858463 , 2.2974883678053866 , 0.615;
